<?xml version="1.0" encoding="UTF-8"?>
<!-- Generated by org.testng.reporters.JUnitReportReporter -->
<testsuite hostname="wsd-058-71" failures="0" tests="4" name="DemoTest" time="0.002" errors="0" timestamp="2021-11-09T17:15:31 MSK" skipped="0">
  <testcase classname="DemoTest" name="test5" time="0.001"/>
  <system-out/>
  <testcase classname="DemoTest" name="test5" time="0.001"/>
  <system-out/>
  <testcase classname="DemoTest" name="test5" time="0.000"/>
  <system-out/>
  <testcase classname="DemoTest" name="test5" time="0.000"/>
  <system-out/>
</testsuite> <!-- DemoTest -->
