<?xml version="1.0" encoding="UTF-8"?>
<!-- Generated by org.testng.reporters.JUnitReportReporter -->
<testsuite hostname="wsd-058-71" failures="0" tests="2" name="DraggableTest" time="9.925" errors="0" timestamp="2021-11-09T17:15:31 MSK" skipped="0">
  <testcase classname="DraggableTest" name="threadTest2" time="3.371"/>
  <system-out/>
  <testcase classname="DraggableTest" name="draggableTest" time="6.554"/>
  <system-out/>
</testsuite> <!-- DraggableTest -->
