<?xml version="1.0" encoding="UTF-8"?>
<!-- Generated by org.testng.reporters.JUnitReportReporter -->
<testsuite hostname="wsd-058-71" failures="0" tests="1" name="DroppableTest" time="6.296" errors="0" timestamp="2021-11-09T17:15:31 MSK" skipped="0">
  <testcase classname="DroppableTest" name="droppableTest" time="6.296"/>
  <system-out/>
</testsuite> <!-- DroppableTest -->
